<?xml version="1.0" encoding="UTF-8"?>
<testng-results ignored="0" total="2" passed="2" failed="0" skipped="0">
  <reporter-output>
  </reporter-output>
  <suite started-at="2021-07-30T21:42:22Z" name="Default suite" finished-at="2021-07-30T21:43:29Z" duration-ms="67294">
    <groups>
    </groups>
    <test started-at="2021-07-30T21:42:22Z" name="Default test" finished-at="2021-07-30T21:43:29Z" duration-ms="67294">
      <class name="test.searchTest">
        <test-method is-config="true" signature="beforeMethod()[pri:0, instance:test.searchTest@4c309d4d]" started-at="2021-07-30T21:42:22Z" name="beforeMethod" finished-at="2021-07-30T21:42:46Z" duration-ms="23470" status="PASS">
          <reporter-output>
          </reporter-output>
        </test-method> <!-- beforeMethod -->
        <test-method signature="failSearch()[pri:0, instance:test.searchTest@4c309d4d]" started-at="2021-07-30T21:42:46Z" name="failSearch" finished-at="2021-07-30T21:42:54Z" duration-ms="7989" status="PASS">
          <reporter-output>
          </reporter-output>
        </test-method> <!-- failSearch -->
        <test-method is-config="true" signature="afterMethod()[pri:0, instance:test.searchTest@4c309d4d]" started-at="2021-07-30T21:42:54Z" name="afterMethod" finished-at="2021-07-30T21:42:55Z" duration-ms="952" status="PASS">
          <reporter-output>
          </reporter-output>
        </test-method> <!-- afterMethod -->
        <test-method is-config="true" signature="beforeMethod()[pri:0, instance:test.searchTest@4c309d4d]" started-at="2021-07-30T21:42:55Z" name="beforeMethod" finished-at="2021-07-30T21:43:16Z" duration-ms="21461" status="PASS">
          <reporter-output>
          </reporter-output>
        </test-method> <!-- beforeMethod -->
        <test-method signature="successSearch()[pri:0, instance:test.searchTest@4c309d4d]" started-at="2021-07-30T21:43:16Z" name="successSearch" finished-at="2021-07-30T21:43:29Z" duration-ms="12469" status="PASS">
          <reporter-output>
          </reporter-output>
        </test-method> <!-- successSearch -->
        <test-method is-config="true" signature="afterMethod()[pri:0, instance:test.searchTest@4c309d4d]" started-at="2021-07-30T21:43:29Z" name="afterMethod" finished-at="2021-07-30T21:43:29Z" duration-ms="863" status="PASS">
          <reporter-output>
          </reporter-output>
        </test-method> <!-- afterMethod -->
      </class> <!-- test.searchTest -->
    </test> <!-- Default test -->
  </suite> <!-- Default suite -->
</testng-results>
